<?xml version="1.0" encoding="UTF-8"?>
<!-- Generated by org.testng.reporters.JUnitReportReporter -->
<testsuite hostname="LAPTOP-GLLM7EP9" failures="0" tests="1" name="testSet.Amazon_Homepage_Test" time="11.631" errors="0" timestamp="2021-08-02T20:48:59 EDT" skipped="0">
  <testcase classname="testSet.Amazon_Homepage_Test" name="Amazon_Search_bar_001" time="11.631"/>
  <system-out/>
</testsuite> <!-- testSet.Amazon_Homepage_Test -->
