<?xml version="1.0" encoding="UTF-8"?>
<!-- Generated by org.testng.reporters.JUnitReportReporter -->
<testsuite hostname="DESKTOP-O59RHK8" failures="0" tests="2" name="baseConfig.Setup" time="0.007" errors="0" timestamp="2021-07-08T20:34:18 EDT" skipped="0">
  <testcase classname="baseConfig.Setup" name="test2" time="0.002"/>
  <system-out/>
  <testcase classname="baseConfig.Setup" name="test1" time="0.005"/>
  <system-out/>
</testsuite> <!-- baseConfig.Setup -->
